<?xml version="1.0" encoding="UTF-8"?>
<!-- Generated by org.testng.reporters.JUnitXMLReporter -->
<testsuite ignored="0" hostname="DESKTOP-4QG5HHP" failures="0" tests="4" name="Default test" time="9.075" errors="0" timestamp="2023-08-17T20:46:10 IST">
  <testcase classname="com.spotify.tests.PlaylistWithReusbaleCalls" name="createPlaylist" time="5.514"/>
  <testcase classname="com.spotify.tests.PlaylistWithReusbaleCalls" name="getAPlaylist" time="1.892"/>
  <testcase classname="com.spotify.tests.PlaylistWithReusbaleCalls" name="updateAPlaylist" time="1.012"/>
  <testcase classname="com.spotify.tests.PlaylistWithReusbaleCalls" name="shouldNotbeAuthorized" time="0.497"/>
</testsuite> <!-- Default test -->
