<?xml version="1.0" encoding="UTF-8"?>
<!-- Generated by org.testng.reporters.JUnitXMLReporter -->
<testsuite ignored="3" hostname="DESKTOP-4QG5HHP" failures="0" tests="1" name="Default test" time="8.88" errors="0" timestamp="2024-05-21T07:52:42 IST">
  <testcase classname="com.weatherapi.tests.GetWeatherDataForSpecificCity" name="ValidateRetrivingTheWeatherForcastForFiveDayaForSpecificCity" time="7.128"/>
  <testcase classname="com.weatherapi.tests.GetWeatherDataForSpecificCity" name="validateAPIWithQueringInvalidCityName" time="0.0">
    <ignored/>
  </testcase> <!-- validateAPIWithQueringInvalidCityName -->
  <testcase classname="com.weatherapi.tests.GetWeatherDataForSpecificCity" name="getWeatherDetailsForSpecificCity" time="0.0">
    <ignored/>
  </testcase> <!-- getWeatherDetailsForSpecificCity -->
  <testcase classname="com.weatherapi.tests.GetWeatherDataForSpecificCity" name="validateAPIWithQueringInvalidAPIKey" time="0.0">
    <ignored/>
  </testcase> <!-- validateAPIWithQueringInvalidAPIKey -->
</testsuite> <!-- Default test -->
