<?xml version="1.0" encoding="UTF-8"?>
<!-- Generated by org.testng.reporters.JUnitXMLReporter -->
<testsuite ignored="0" hostname="DESKTOP-4QG5HHP" failures="0" tests="4" name="Test" time="5.709" errors="0" timestamp="2023-08-17T08:23:08 IST">
  <testcase classname="com.spotify.tests.PlaylistWithReusbaleCalls" name="createPlaylist" time="3.773"/>
  <testcase classname="com.spotify.tests.PlaylistWithReusbaleCalls" name="getAPlaylist" time="0.778"/>
  <testcase classname="com.spotify.tests.PlaylistWithReusbaleCalls" name="updateAPlaylist" time="0.745"/>
  <testcase classname="com.spotify.tests.PlaylistWithReusbaleCalls" name="shouldNotbeAuthorized" time="0.355"/>
</testsuite> <!-- Test -->
