<?xml version="1.0" encoding="UTF-8"?>
<testng-results ignored="0" total="4" passed="4" failed="0" skipped="0">
  <reporter-output>
  </reporter-output>
  <suite started-at="2023-11-04T18:05:08 IST" name="Default suite" finished-at="2023-11-04T18:05:17 IST" duration-ms="8539">
    <groups>
    </groups>
    <test started-at="2023-11-04T18:05:08 IST" name="Default test" finished-at="2023-11-04T18:05:17 IST" duration-ms="8539">
      <class name="com.spotify.tests.PlaylistWithReusbaleCalls">
        <test-method signature="createPlaylist()[pri:1, instance:com.spotify.tests.PlaylistWithReusbaleCalls@6a4d7f76]" started-at="2023-11-04T18:05:08 IST" name="createPlaylist" finished-at="2023-11-04T18:05:14 IST" duration-ms="6140" status="PASS">
          <reporter-output>
          </reporter-output>
        </test-method> <!-- createPlaylist -->
        <test-method signature="getAPlaylist()[pri:2, instance:com.spotify.tests.PlaylistWithReusbaleCalls@6a4d7f76]" started-at="2023-11-04T18:05:15 IST" name="getAPlaylist" finished-at="2023-11-04T18:05:16 IST" duration-ms="979" status="PASS">
          <reporter-output>
          </reporter-output>
        </test-method> <!-- getAPlaylist -->
        <test-method signature="updateAPlaylist()[pri:3, instance:com.spotify.tests.PlaylistWithReusbaleCalls@6a4d7f76]" started-at="2023-11-04T18:05:16 IST" name="updateAPlaylist" finished-at="2023-11-04T18:05:16 IST" duration-ms="902" status="PASS">
          <reporter-output>
          </reporter-output>
        </test-method> <!-- updateAPlaylist -->
        <test-method signature="shouldNotbeAuthorized()[pri:4, instance:com.spotify.tests.PlaylistWithReusbaleCalls@6a4d7f76]" started-at="2023-11-04T18:05:16 IST" name="shouldNotbeAuthorized" finished-at="2023-11-04T18:05:17 IST" duration-ms="304" status="PASS">
          <reporter-output>
          </reporter-output>
        </test-method> <!-- shouldNotbeAuthorized -->
      </class> <!-- com.spotify.tests.PlaylistWithReusbaleCalls -->
    </test> <!-- Default test -->
  </suite> <!-- Default suite -->
</testng-results>
